<?xml version="1.0" encoding="UTF-8"?>
<!-- Generated by org.testng.reporters.JUnitReportReporter -->
<testsuite hostname="DESKTOP-1CCS179" failures="0" tests="4" name="cucumberOptions1.Runner1" time="39.765" errors="0" timestamp="2024-03-27T09:22:49 IST" skipped="0">
  <testcase classname="cucumberOptions1.Runner1" name="runScenario" time="8.734"/>
  <system-out/>
  <testcase classname="cucumberOptions1.Runner1" name="runScenario" time="10.949"/>
  <system-out/>
  <testcase classname="cucumberOptions1.Runner1" name="runScenario" time="11.062"/>
  <system-out/>
  <testcase classname="cucumberOptions1.Runner1" name="runScenario" time="9.020"/>
  <system-out/>
</testsuite> <!-- cucumberOptions1.Runner1 -->
