<?xml version="1.0" encoding="UTF-8"?>
<!-- Generated by org.testng.reporters.JUnitReportReporter -->
<testsuite hostname="DESKTOP-1CCS179" failures="0" tests="1" name="com.opencart.testlayer.RegisterTest" time="7.600" errors="0" timestamp="2024-03-14T09:30:14 IST" skipped="0">
  <testcase classname="com.opencart.testlayer.RegisterTest" name="createAccount" time="7.600"/>
  <system-out/>
</testsuite> <!-- com.opencart.testlayer.RegisterTest -->
