<?xml version="1.0" encoding="UTF-8"?>
<!-- Generated by org.testng.reporters.JUnitReportReporter -->
<testsuite hostname="DESKTOP-1CCS179" failures="0" tests="3" name="cucumberOptions.Runner" time="45.231" errors="0" timestamp="2024-03-26T09:36:02 IST" skipped="0">
  <testcase classname="cucumberOptions.Runner" name="runScenario" time="12.044"/>
  <testcase classname="cucumberOptions.Runner" name="runScenario" time="18.478"/>
  <testcase classname="cucumberOptions.Runner" name="runScenario" time="14.709"/>
</testsuite> <!-- cucumberOptions.Runner -->
