<?xml version="1.0" encoding="UTF-8"?>
<!-- Generated by org.testng.reporters.JUnitReportReporter -->
<testsuite hostname="DESKTOP-1CCS179" failures="0" tests="4" name="cucumberOptions.Runner" time="36.317" errors="0" timestamp="2024-03-27T09:37:33 IST" skipped="0">
  <testcase classname="cucumberOptions.Runner" name="runScenario" time="7.808"/>
  <testcase classname="cucumberOptions.Runner" name="runScenario" time="10.102"/>
  <testcase classname="cucumberOptions.Runner" name="runScenario" time="11.001"/>
  <testcase classname="cucumberOptions.Runner" name="runScenario" time="7.406"/>
</testsuite> <!-- cucumberOptions.Runner -->
