<?xml version="1.0" encoding="UTF-8"?>
<!-- Generated by org.testng.reporters.JUnitReportReporter -->
<testsuite hostname="DESKTOP-1CCS179" failures="0" tests="2" name="com.opencart.testlayer.LoginTest" time="18.553" errors="0" timestamp="2024-03-18T08:53:26 IST" skipped="0">
  <testcase classname="com.opencart.testlayer.LoginTest" name="verifyLoginTestWithValidDetails" time="8.506"/>
  <system-out/>
  <testcase classname="com.opencart.testlayer.LoginTest" name="verifyLoginTestWithInValidDetails" time="10.047"/>
  <system-out/>
</testsuite> <!-- com.opencart.testlayer.LoginTest -->
