<?xml version="1.0" encoding="UTF-8"?>
<!-- Generated by org.testng.reporters.JUnitReportReporter -->
<testsuite hostname="DESKTOP-1CCS179" failures="0" tests="1" name="com.opencart.testlayer.LoginTest" time="7.377" errors="0" timestamp="2024-03-15T09:26:25 IST" skipped="0">
  <testcase classname="com.opencart.testlayer.LoginTest" name="verifyLoginTestWithInValidDetails" time="7.377"/>
  <system-out/>
</testsuite> <!-- com.opencart.testlayer.LoginTest -->
