<?xml version="1.0" encoding="UTF-8"?>
<!-- Generated by org.testng.reporters.JUnitReportReporter -->
<testsuite hostname="DESKTOP-1CCS179" failures="0" tests="2" name="com.opencart.testlayer.LoginTest" time="15.999" errors="0" timestamp="2024-03-19T09:21:54 IST" skipped="0">
  <testcase classname="com.opencart.testlayer.LoginTest" name="verifyLoginTestWithInValidDetails" time="7.877"/>
  <system-out/>
  <testcase classname="com.opencart.testlayer.LoginTest" name="verifyLoginTestWithValidDetails" time="8.122"/>
  <system-out/>
</testsuite> <!-- com.opencart.testlayer.LoginTest -->
